2026-04-06 06:53:30,284 [INFO] Файл модели не найден — запускаю обучение...
2026-04-06 06:53:30,284 [INFO] ============================================================
2026-04-06 06:53:30,284 [INFO] Начало обучения нейронной сети
2026-04-06 06:53:30,284 [INFO]   Архитектура:     FeedForwardNet (2 скрытых слоя + BN + Dropout)
2026-04-06 06:53:30,284 [INFO]   Скрытых нейронов: 128
2026-04-06 06:53:30,284 [INFO]   Эпох:            500
2026-04-06 06:53:30,284 [INFO]   Размер батча:    16
2026-04-06 06:53:30,284 [INFO]   Learning rate:   0.001
2026-04-06 06:53:30,284 [INFO]   Dropout:         0.3
2026-04-06 06:53:30,284 [INFO] ============================================================
2026-04-06 06:53:30,326 [INFO] Словарь: 322 слов | Намерений (классов): 24
2026-04-06 06:53:30,326 [INFO] Обучающих примеров: 290
2026-04-06 06:53:30,326 [INFO]   Намерение: 1c
2026-04-06 06:53:30,326 [INFO]   Намерение: antivirus
2026-04-06 06:53:30,326 [INFO]   Намерение: automation
2026-04-06 06:53:30,326 [INFO]   Намерение: cables_ports
2026-04-06 06:53:30,326 [INFO]   Намерение: database
2026-04-06 06:53:30,326 [INFO]   Намерение: email
2026-04-06 06:53:30,326 [INFO]   Намерение: file_access
2026-04-06 06:53:30,326 [INFO]   Намерение: goodbye
2026-04-06 06:53:30,326 [INFO]   Намерение: greeting
2026-04-06 06:53:30,326 [INFO]   Намерение: hardware_broken
2026-04-06 06:53:30,326 [INFO]   Намерение: help
2026-04-06 06:53:30,326 [INFO]   Намерение: keyboard_mouse
2026-04-06 06:53:30,326 [INFO]   Намерение: monitor
2026-04-06 06:53:30,327 [INFO]   Намерение: no_internet
2026-04-06 06:53:30,327 [INFO]   Намерение: password
2026-04-06 06:53:30,327 [INFO]   Намерение: power
2026-04-06 06:53:30,327 [INFO]   Намерение: printer
2026-04-06 06:53:30,327 [INFO]   Намерение: projector
2026-04-06 06:53:30,327 [INFO]   Намерение: slow_computer
2026-04-06 06:53:30,327 [INFO]   Намерение: slow_network
2026-04-06 06:53:30,327 [INFO]   Намерение: software_error
2026-04-06 06:53:30,327 [INFO]   Намерение: unknown
2026-04-06 06:53:30,327 [INFO]   Намерение: vpn
2026-04-06 06:53:30,327 [INFO]   Намерение: website
2026-04-06 06:53:30,327 [INFO] Устройство для обучения: cpu
2026-04-06 06:53:30,894 [INFO] 
Начало обучения:
2026-04-06 06:53:30,894 [INFO]   Эпоха |       Loss |   Accuracy |         LR |    Время
2026-04-06 06:53:30,894 [INFO] ------------------------------------------------------------
2026-04-06 06:53:30,919 [INFO]       1 |     3.2027 |       5.9% |   0.001000 |   0.02s
2026-04-06 06:53:31,844 [INFO]      50 |     0.1016 |      99.7% |   0.001000 |   0.02s
2026-04-06 06:53:32,779 [INFO]     100 |     0.0616 |      99.7% |   0.001000 |   0.02s
2026-04-06 06:53:33,713 [INFO]     150 |     0.0520 |      99.3% |   0.001000 |   0.02s
2026-04-06 06:53:34,658 [INFO]     200 |     0.0663 |      99.3% |   0.000500 |   0.02s
2026-04-06 06:53:35,621 [INFO]     250 |     0.1009 |      99.3% |   0.000500 |   0.02s
2026-04-06 06:53:36,692 [INFO]     300 |     0.0315 |     100.0% |   0.000500 |   0.02s
2026-04-06 06:53:37,639 [INFO]     350 |     0.0251 |     100.0% |   0.000500 |   0.02s
2026-04-06 06:53:38,591 [INFO]     400 |     0.2140 |      99.3% |   0.000250 |   0.02s
2026-04-06 06:53:39,521 [INFO]     450 |     0.0117 |     100.0% |   0.000250 |   0.02s
2026-04-06 06:53:40,542 [INFO]     500 |     0.0070 |     100.0% |   0.000250 |   0.02s
2026-04-06 06:53:40,542 [INFO] ------------------------------------------------------------
2026-04-06 06:53:40,542 [INFO] Обучение завершено за 9.6 сек.
2026-04-06 06:53:40,542 [INFO] Финальный loss: 0.0070 | Точность: 100.0%
2026-04-06 06:53:40,544 [INFO] Модель сохранена: trained_data.pth
2026-04-06 06:53:40,544 [INFO] ============================================================
2026-04-06 06:53:40,544 [INFO] Загрузка модели в память...
2026-04-06 06:53:40,547 [INFO] Модель загружена успешно.
2026-04-06 06:53:40,547 [INFO] Flask статус-сервер запущен на порту 5000.
2026-04-06 06:53:40,547 [INFO] Запуск Telegram-бота HelpDeskNeuro...
2026-04-06 06:53:40,547 [INFO] Start polling
2026-04-06 06:53:40,549 [INFO] [31m[1mWARNING: This is a development server. Do not use it in a production deployment. Use a production WSGI server instead.[0m
 * Running on all addresses (0.0.0.0)
 * Running on http://127.0.0.1:5000
 * Running on http://192.168.100.65:5000
2026-04-06 06:53:40,549 [INFO] [33mPress CTRL+C to quit[0m
2026-04-06 06:53:40,693 [INFO] Run polling for bot @HelpDesk_viktor_bot id=8432293605 - 'HelpDesk-ЧатБот'
2026-04-06 06:54:29,607 [INFO] 127.0.0.1 - - [06/Apr/2026 06:54:29] "GET / HTTP/1.1" 200 -
2026-04-06 06:54:29,638 [INFO] 127.0.0.1 - - [06/Apr/2026 06:54:29] "[33mGET /favicon.ico HTTP/1.1[0m" 404 -
2026-04-06 06:55:16,454 [INFO] Новый пользователь: 7073948070 (@srs_sa)
2026-04-06 06:55:16,897 [INFO] Update id=228340834 is handled. Duration 443 ms by bot id=8432293605
2026-04-06 06:55:32,496 [INFO] Update id=228340835 is handled. Duration 79 ms by bot id=8432293605
2026-04-06 06:55:54,302 [INFO] [7073948070] Получено: 'Привет'
2026-04-06 06:55:54,303 [INFO] user=7073948070 | tag=greeting | conf=1.000 | Q: 'Привет' | A: 'Здравствуйте! Я HelpDeskNeuro — IT-ассистент службы поддержки. Опишите вашу проблему, и я определю, к какому специалисту вам нужно обратиться: Программисту, Системному администратору или Электронику.'
2026-04-06 06:55:54,370 [INFO] [7073948070] Отправлено: 'Здравствуйте! Я HelpDeskNeuro — IT-ассистент службы поддержки. Опишите вашу проблему, и я определю, к какому специалисту вам нужно обратиться: Программисту, Системному администратору или Электронику.'
2026-04-06 06:55:54,370 [INFO] Update id=228340836 is handled. Duration 69 ms by bot id=8432293605
2026-04-06 06:56:06,299 [INFO] [7073948070] Получено: 'как дела?'
2026-04-06 06:56:06,301 [INFO] user=7073948070 | tag=help | conf=0.928 | Q: 'как дела?' | A: 'Я помогаю определить нужного IT-специалиста по вашей проблеме.\n\n*Программист* — 1С, ошибки ПО, базы данных, сайты, скрипты, макросы\n*Системный администратор* — настройка сети, интернет, пароли, принтеры, почта, VPN\n*Электроник* — сломанное железо, монитор, питание, клавиатура, кабели\n\nПросто опишите проблему своими словами.'
2026-04-06 06:56:06,366 [INFO] [7073948070] Отправлено: 'Я помогаю определить нужного IT-специалиста по вашей проблеме.\n\n*Программист* — 1С, ошибки ПО, базы данных, сайты, скрипты, макросы\n*Системный администратор* — настройка сети, интернет, пароли, принтеры, почта, VPN\n*Электроник* — сломанное железо, монитор, питание, клавиатура, кабели\n\nПросто опишите проблему своими словами.'
2026-04-06 06:56:06,366 [INFO] Update id=228340837 is handled. Duration 67 ms by bot id=8432293605
2026-04-06 06:56:20,022 [INFO] [7073948070] Получено: 'ничего не работает'
2026-04-06 06:56:20,023 [INFO] user=7073948070 | tag=unknown | conf=1.000 | Q: 'ничего не работает' | A: 'Опишите проблему подробнее — что именно не работает?\n\nЯ определю нужного специалиста:\n*Программист* — 1С, ошибки ПО, базы данных\n*Системный администратор* — сеть, пароли, принтеры\n*Электроник* — железо, питание, кабели, экраны'
2026-04-06 06:56:20,110 [INFO] [7073948070] Отправлено: 'Опишите проблему подробнее — что именно не работает?\n\nЯ определю нужного специалиста:\n*Программист* — 1С, ошибки ПО, базы данных\n*Системный администратор* — сеть, пароли, принтеры\n*Электроник* — железо, питание, кабели, экраны'
2026-04-06 06:56:20,110 [INFO] Update id=228340838 is handled. Duration 88 ms by bot id=8432293605
2026-04-06 06:56:39,304 [INFO] [7073948070] Получено: 'не работает 1С и нет интернета'
2026-04-06 06:56:39,306 [INFO] user=7073948070 | tag=1c | conf=0.739 | Q: 'не работает 1С и нет интернета' | A: '*Вам нужен: ПРОГРАММИСТ*\n\nПроблема связана с 1С — это зона ответственности программиста.\n\n*Варианты решения:*\n1. Перезапустите 1С и попробуйте снова\n2. Проверьте, не заблокирована ли база другим пользователем (Администрирование - Активные пользователи)\n3. Попробуйте зайти под другой учётной записью\n4. Перезагрузите компьютер\n\nСообщите программисту: текст ошибки, конфигурацию 1С и версию платформы.'
2026-04-06 06:56:39,377 [INFO] [7073948070] Отправлено: '*Вам нужен: ПРОГРАММИСТ*\n\nПроблема связана с 1С — это зона ответственности программиста.\n\n*Варианты решения:*\n1. Перезапустите 1С и попробуйте снова\n2. Проверьте, не заблокирована ли база другим пользователем (Администрирование - Активные пользователи)\n3. Попробуйте зайти под другой учётной записью\n4. Перезагрузите компьютер\n\nСообщите программисту: текст ошибки, конфигурацию 1С и версию платформы.'
2026-04-06 06:56:39,378 [INFO] Update id=228340839 is handled. Duration 74 ms by bot id=8432293605
2026-04-06 06:57:46,597 [INFO] [7073948070] Получено: 'Ну, у меня вообще нет сети на компьютере.'
2026-04-06 06:57:46,599 [INFO] user=7073948070 | tag=no_internet | conf=0.998 | Q: 'Ну, у меня вообще нет сети на компьютере.' | A: '*Вам нужен: СИСТЕМНЫЙ АДМИНИСТРАТОР*\n\nПроблемы с интернетом и сетью — зона сисадмина.\n\n*Варианты решения:*\n1. Перезагрузите компьютер\n2. Проверьте, подключён ли сетевой кабель или включён ли Wi-Fi\n3. Попробуйте отключить и снова подключить сетевой адаптер\n\nОбратитесь к системному администратору — он проверит сетевое оборудование.'
2026-04-06 06:57:46,674 [INFO] [7073948070] Отправлено: '*Вам нужен: СИСТЕМНЫЙ АДМИНИСТРАТОР*\n\nПроблемы с интернетом и сетью — зона сисадмина.\n\n*Варианты решения:*\n1. Перезагрузите компьютер\n2. Проверьте, подключён ли сетевой кабель или включён ли Wi-Fi\n3. Попробуйте отключить и снова подключить сетевой адаптер\n\nОбратитесь к системному администратору — он проверит сетевое оборудование.'
2026-04-06 06:57:46,674 [INFO] Update id=228340840 is handled. Duration 78 ms by bot id=8432293605
2026-04-06 06:58:14,367 [INFO] [7073948070] Получено: 'Ты уверен, может быть, проблемы какие-то с кабелем?'
2026-04-06 06:58:14,374 [INFO] user=7073948070 | tag=help | conf=0.960 | Q: 'Ты уверен, может быть, проблемы какие-то с кабелем?' | A: 'Я помогаю определить нужного IT-специалиста по вашей проблеме.\n\n*Программист* — 1С, ошибки ПО, базы данных, сайты, скрипты, макросы\n*Системный администратор* — настройка сети, интернет, пароли, принтеры, почта, VPN\n*Электроник* — сломанное железо, монитор, питание, клавиатура, кабели\n\nПросто опишите проблему своими словами.'
2026-04-06 06:58:14,443 [INFO] [7073948070] Отправлено: 'Я помогаю определить нужного IT-специалиста по вашей проблеме.\n\n*Программист* — 1С, ошибки ПО, базы данных, сайты, скрипты, макросы\n*Системный администратор* — настройка сети, интернет, пароли, принтеры, почта, VPN\n*Электроник* — сломанное железо, монитор, питание, клавиатура, кабели\n\nПросто опишите проблему своими словами.'
2026-04-06 06:58:14,444 [INFO] Update id=228340841 is handled. Duration 77 ms by bot id=8432293605
2026-04-06 06:58:26,685 [INFO] [7073948070] Получено: 'Ты уверен?'
2026-04-06 06:58:26,686 [INFO] user=7073948070 | tag=help | conf=0.972 | Q: 'Ты уверен?' | A: 'Я помогаю определить нужного IT-специалиста по вашей проблеме.\n\n*Программист* — 1С, ошибки ПО, базы данных, сайты, скрипты, макросы\n*Системный администратор* — настройка сети, интернет, пароли, принтеры, почта, VPN\n*Электроник* — сломанное железо, монитор, питание, клавиатура, кабели\n\nПросто опишите проблему своими словами.'
2026-04-06 06:58:26,756 [INFO] [7073948070] Отправлено: 'Я помогаю определить нужного IT-специалиста по вашей проблеме.\n\n*Программист* — 1С, ошибки ПО, базы данных, сайты, скрипты, макросы\n*Системный администратор* — настройка сети, интернет, пароли, принтеры, почта, VPN\n*Электроник* — сломанное железо, монитор, питание, клавиатура, кабели\n\nПросто опишите проблему своими словами.'
2026-04-06 06:58:26,756 [INFO] Update id=228340842 is handled. Duration 71 ms by bot id=8432293605
2026-04-06 06:58:38,613 [INFO] [7073948070] Получено: 'Если у меня проблемы с кабелем, куда мне обратиться?'
2026-04-06 06:58:38,615 [INFO] user=7073948070 | tag=power | conf=0.653 | Q: 'Если у меня проблемы с кабелем, куда мне обратиться?' | A: '*Вам нужен: ЭЛЕКТРОНИК*\n\nПроблемы с питанием — зона электроника.\n\n*Варианты решения:*\n1. ВНИМАНИЕ: При запахе гари или искрах — немедленно обесточьте всё!\n2. Проверьте, не сработала ли пробка или автомат в щитке\n3. Проверьте исправность розетки — включите другое устройство\n4. Проверьте ИБП (UPS): возможно разряжен аккумулятор\n\nСрочно обратитесь к электронику!'
2026-04-06 06:58:38,748 [INFO] [7073948070] Отправлено: '*Вам нужен: ЭЛЕКТРОНИК*\n\nПроблемы с питанием — зона электроника.\n\n*Варианты решения:*\n1. ВНИМАНИЕ: При запахе гари или искрах — немедленно обесточьте всё!\n2. Проверьте, не сработала ли пробка или автомат в щитке\n3. Проверьте исправность розетки — включите другое устройство\n4. Проверьте ИБП (UPS): возможно разряжен аккумулятор\n\nСрочно обратитесь к электронику!'
2026-04-06 06:58:38,748 [INFO] Update id=228340843 is handled. Duration 136 ms by bot id=8432293605
2026-04-06 06:58:59,773 [INFO] [7073948070] Получено: 'Нет, ты не понял, у меня проблемы с кабелем к интернету.'
2026-04-06 06:58:59,775 [INFO] user=7073948070 | tag=unknown | conf=0.351 | Q: 'Нет, ты не понял, у меня проблемы с кабелем к интернету.' | A: 'Пожалуйста, опишите подробнее что происходит. Например: не работает 1С, нет интернета, сломался монитор — и я сразу скажу к кому обращаться!'
2026-04-06 06:58:59,855 [INFO] [7073948070] Отправлено: 'Пожалуйста, опишите подробнее что происходит. Например: не работает 1С, нет интернета, сломался монитор — и я сразу скажу к кому обращаться!'
2026-04-06 06:58:59,856 [INFO] Update id=228340844 is handled. Duration 83 ms by bot id=8432293605
2026-04-06 06:59:15,151 [INFO] [7073948070] Получено: 'Проблема с кабелем локальной сети.'
2026-04-06 06:59:15,152 [INFO] user=7073948070 | tag=no_internet | conf=0.686 | Q: 'Проблема с кабелем локальной сети.' | A: '*Вам нужен: СИСТЕМНЫЙ АДМИНИСТРАТОР*\n\nПроблемы с интернетом и сетью — зона сисадмина.\n\n*Варианты решения:*\n1. Перезагрузите компьютер\n2. Проверьте, подключён ли сетевой кабель или включён ли Wi-Fi\n3. Попробуйте отключить и снова подключить сетевой адаптер\n\nОбратитесь к системному администратору — он проверит сетевое оборудование.'
2026-04-06 06:59:15,279 [INFO] [7073948070] Отправлено: '*Вам нужен: СИСТЕМНЫЙ АДМИНИСТРАТОР*\n\nПроблемы с интернетом и сетью — зона сисадмина.\n\n*Варианты решения:*\n1. Перезагрузите компьютер\n2. Проверьте, подключён ли сетевой кабель или включён ли Wi-Fi\n3. Попробуйте отключить и снова подключить сетевой адаптер\n\nОбратитесь к системному администратору — он проверит сетевое оборудование.'
2026-04-06 06:59:15,279 [INFO] Update id=228340845 is handled. Duration 128 ms by bot id=8432293605
2026-04-06 07:00:22,012 [INFO] 127.0.0.1 - - [06/Apr/2026 07:00:22] "GET / HTTP/1.1" 200 -
2026-04-06 07:04:50,944 [WARNING] Received SIGINT signal
2026-04-06 07:04:50,945 [INFO] Polling stopped for bot @HelpDesk_viktor_bot id=8432293605 - 'HelpDesk-ЧатБот'
2026-04-06 07:04:50,945 [INFO] Polling stopped
2026-04-06 07:05:12,040 [INFO] Модель найдена, обучение пропускается.
2026-04-06 07:05:12,040 [INFO] Загрузка модели в память...
2026-04-06 07:05:12,044 [INFO] Модель загружена успешно.
2026-04-06 07:05:12,044 [INFO] Flask статус-сервер запущен на порту 5000.
2026-04-06 07:05:12,044 [INFO] Запуск Telegram-бота HelpDeskNeuro...
2026-04-06 07:05:12,045 [INFO] Start polling
2026-04-06 07:05:12,048 [INFO] [31m[1mWARNING: This is a development server. Do not use it in a production deployment. Use a production WSGI server instead.[0m
 * Running on all addresses (0.0.0.0)
 * Running on http://127.0.0.1:5000
 * Running on http://192.168.100.65:5000
2026-04-06 07:05:12,048 [INFO] [33mPress CTRL+C to quit[0m
2026-04-06 07:05:12,171 [INFO] Run polling for bot @HelpDesk_viktor_bot id=8432293605 - 'HelpDesk-ЧатБот'
2026-04-06 07:09:26,331 [WARNING] Received SIGINT signal
2026-04-06 07:09:26,332 [INFO] Polling stopped for bot @HelpDesk_viktor_bot id=8432293605 - 'HelpDesk-ЧатБот'
2026-04-06 07:09:26,332 [INFO] Polling stopped
